This file contains any messages produced by compilers while
running configure, to aid debugging if configure makes a mistake.

It was created by slim configure v2_7_0, which was
generated by GNU Autoconf 2.69.  Invocation command line was

  $ ./configure 

## --------- ##
## Platform. ##
## --------- ##

hostname = 817jfmac.campus.nist.gov
uname -m = x86_64
uname -r = 16.5.0
uname -s = Darwin
uname -v = Darwin Kernel Version 16.5.0: Fri Mar  3 16:52:33 PST 2017; root:xnu-3789.51.2~3/RELEASE_X86_64

/usr/bin/uname -p = i386
/bin/uname -X     = unknown

/bin/arch              = unknown
/usr/bin/arch -k       = unknown
/usr/convex/getsysinfo = unknown
/usr/bin/hostinfo      = Mach kernel version:
	 Darwin Kernel Version 16.5.0: Fri Mar  3 16:52:33 PST 2017; root:xnu-3789.51.2~3/RELEASE_X86_64
Kernel configured for up to 8 processors.
4 processors are physically available.
8 processors are logically available.
Processor type: i486 (Intel 80486)
Processors active: 0 1 2 3 4 5 6 7
Primary memory available: 16.00 gigabytes
Default processor set: 454 tasks, 2081 threads, 8 processors
Load average: 1.77, Mach factor: 6.21
/bin/machine           = unknown
/usr/bin/oslevel       = unknown
/bin/universe          = unknown

PATH: /opt/local/bin
PATH: /opt/local/sbin
PATH: /opt/local/bin
PATH: /opt/local/sbin
PATH: /opt/local/libexec/qt4/bin/
PATH: /usr/bin
PATH: /bin
PATH: /usr/sbin
PATH: /sbin
PATH: /usr/local/bin
PATH: /usr/local/sbin


## ----------- ##
## Core tests. ##
## ----------- ##

configure:2214: checking for gawk
configure:2230: found /opt/local/bin/gawk
configure:2241: result: gawk
configure:2300: checking for gcc
configure:2316: found /opt/local/bin/gcc
configure:2327: result: gcc
configure:2556: checking for C compiler version
configure:2565: gcc --version >&5
gcc (MacPorts gcc6 6.3.0_2) 6.3.0
Copyright (C) 2016 Free Software Foundation, Inc.
This is free software; see the source for copying conditions.  There is NO
warranty; not even for MERCHANTABILITY or FITNESS FOR A PARTICULAR PURPOSE.

configure:2576: $? = 0
configure:2565: gcc -v >&5
Using built-in specs.
COLLECT_GCC=gcc
COLLECT_LTO_WRAPPER=/opt/local/libexec/gcc/x86_64-apple-darwin16/6.3.0/lto-wrapper
Target: x86_64-apple-darwin16
Configured with: /opt/local/var/macports/build/_opt_bblocal_var_buildworker_ports_build_ports_lang_gcc6/gcc6/work/gcc-6.3.0/configure --prefix=/opt/local --build=x86_64-apple-darwin16 --enable-languages=c,c++,objc,obj-c++,lto,fortran --libdir=/opt/local/lib/gcc6 --includedir=/opt/local/include/gcc6 --infodir=/opt/local/share/info --mandir=/opt/local/share/man --datarootdir=/opt/local/share/gcc-6 --with-local-prefix=/opt/local --with-system-zlib --disable-nls --program-suffix=-mp-6 --with-gxx-include-dir=/opt/local/include/gcc6/c++/ --with-gmp=/opt/local --with-mpfr=/opt/local --with-mpc=/opt/local --with-isl=/opt/local --enable-stage1-checking --disable-multilib --enable-lto --enable-libstdcxx-time --with-build-config=bootstrap-debug --with-as=/opt/local/bin/as --with-ld=/opt/local/bin/ld --with-ar=/opt/local/bin/ar --with-bugurl=https://trac.macports.org/newticket --with-pkgversion='MacPorts gcc6 6.3.0_2'
Thread model: posix
gcc version 6.3.0 (MacPorts gcc6 6.3.0_2) 
configure:2576: $? = 0
configure:2565: gcc -V >&5
gcc: error: unrecognized command line option '-V'
gcc: fatal error: no input files
compilation terminated.
configure:2576: $? = 1
configure:2565: gcc -qversion >&5
gcc: error: unrecognized command line option '-qversion'; did you mean '--version'?
gcc: fatal error: no input files
compilation terminated.
configure:2576: $? = 1
configure:2596: checking whether the C compiler works
configure:2618: gcc    conftest.c  >&5
configure:2622: $? = 0
configure:2670: result: yes
configure:2673: checking for C compiler default output file name
configure:2675: result: a.out
configure:2681: checking for suffix of executables
configure:2688: gcc -o conftest    conftest.c  >&5
configure:2692: $? = 0
configure:2714: result: 
configure:2736: checking whether we are cross compiling
configure:2744: gcc -o conftest    conftest.c  >&5
configure:2748: $? = 0
configure:2755: ./conftest
configure:2759: $? = 0
configure:2774: result: no
configure:2779: checking for suffix of object files
configure:2801: gcc -c   conftest.c >&5
configure:2805: $? = 0
configure:2826: result: o
configure:2830: checking whether we are using the GNU C compiler
configure:2849: gcc -c   conftest.c >&5
configure:2849: $? = 0
configure:2858: result: yes
configure:2867: checking whether gcc accepts -g
configure:2887: gcc -c -g  conftest.c >&5
configure:2887: $? = 0
configure:2928: result: yes
configure:2945: checking for gcc option to accept ISO C89
configure:3008: gcc  -c -g -O2  conftest.c >&5
configure:3008: $? = 0
configure:3021: result: none needed
configure:3046: checking how to run the C preprocessor
configure:3077: gcc -E  conftest.c
configure:3077: $? = 0
configure:3091: gcc -E  conftest.c
conftest.c:9:28: fatal error: ac_nonexistent.h: No such file or directory
 #include <ac_nonexistent.h>
                            ^
compilation terminated.
configure:3091: $? = 1
configure: failed program was:
| /* confdefs.h */
| #define PACKAGE_NAME "slim"
| #define PACKAGE_TARNAME "slim"
| #define PACKAGE_VERSION "v2_7_0"
| #define PACKAGE_STRING "slim v2_7_0"
| #define PACKAGE_BUGREPORT "drjoefowler@gmail.com"
| #define PACKAGE_URL ""
| /* end confdefs.h.  */
| #include <ac_nonexistent.h>
configure:3116: result: gcc -E
configure:3136: gcc -E  conftest.c
configure:3136: $? = 0
configure:3150: gcc -E  conftest.c
conftest.c:9:28: fatal error: ac_nonexistent.h: No such file or directory
 #include <ac_nonexistent.h>
                            ^
compilation terminated.
configure:3150: $? = 1
configure: failed program was:
| /* confdefs.h */
| #define PACKAGE_NAME "slim"
| #define PACKAGE_TARNAME "slim"
| #define PACKAGE_VERSION "v2_7_0"
| #define PACKAGE_STRING "slim v2_7_0"
| #define PACKAGE_BUGREPORT "drjoefowler@gmail.com"
| #define PACKAGE_URL ""
| /* end confdefs.h.  */
| #include <ac_nonexistent.h>
configure:3236: checking for g++
configure:3252: found /opt/local/bin/g++
configure:3263: result: g++
configure:3290: checking for C++ compiler version
configure:3299: g++ --version >&5
g++ (MacPorts gcc6 6.3.0_2) 6.3.0
Copyright (C) 2016 Free Software Foundation, Inc.
This is free software; see the source for copying conditions.  There is NO
warranty; not even for MERCHANTABILITY or FITNESS FOR A PARTICULAR PURPOSE.

configure:3310: $? = 0
configure:3299: g++ -v >&5
Using built-in specs.
COLLECT_GCC=g++
COLLECT_LTO_WRAPPER=/opt/local/libexec/gcc/x86_64-apple-darwin16/6.3.0/lto-wrapper
Target: x86_64-apple-darwin16
Configured with: /opt/local/var/macports/build/_opt_bblocal_var_buildworker_ports_build_ports_lang_gcc6/gcc6/work/gcc-6.3.0/configure --prefix=/opt/local --build=x86_64-apple-darwin16 --enable-languages=c,c++,objc,obj-c++,lto,fortran --libdir=/opt/local/lib/gcc6 --includedir=/opt/local/include/gcc6 --infodir=/opt/local/share/info --mandir=/opt/local/share/man --datarootdir=/opt/local/share/gcc-6 --with-local-prefix=/opt/local --with-system-zlib --disable-nls --program-suffix=-mp-6 --with-gxx-include-dir=/opt/local/include/gcc6/c++/ --with-gmp=/opt/local --with-mpfr=/opt/local --with-mpc=/opt/local --with-isl=/opt/local --enable-stage1-checking --disable-multilib --enable-lto --enable-libstdcxx-time --with-build-config=bootstrap-debug --with-as=/opt/local/bin/as --with-ld=/opt/local/bin/ld --with-ar=/opt/local/bin/ar --with-bugurl=https://trac.macports.org/newticket --with-pkgversion='MacPorts gcc6 6.3.0_2'
Thread model: posix
gcc version 6.3.0 (MacPorts gcc6 6.3.0_2) 
configure:3310: $? = 0
configure:3299: g++ -V >&5
g++: error: unrecognized command line option '-V'
g++: fatal error: no input files
compilation terminated.
configure:3310: $? = 1
configure:3299: g++ -qversion >&5
g++: error: unrecognized command line option '-qversion'; did you mean '--version'?
g++: fatal error: no input files
compilation terminated.
configure:3310: $? = 1
configure:3314: checking whether we are using the GNU C++ compiler
configure:3333: g++ -c   conftest.cpp >&5
configure:3333: $? = 0
configure:3342: result: yes
configure:3351: checking whether g++ accepts -g
configure:3371: g++ -c -g  conftest.cpp >&5
configure:3371: $? = 0
configure:3412: result: yes
configure:3483: checking for gcc
configure:3510: result: gcc
configure:3739: checking for C compiler version
configure:3748: gcc --version >&5
gcc (MacPorts gcc6 6.3.0_2) 6.3.0
Copyright (C) 2016 Free Software Foundation, Inc.
This is free software; see the source for copying conditions.  There is NO
warranty; not even for MERCHANTABILITY or FITNESS FOR A PARTICULAR PURPOSE.

configure:3759: $? = 0
configure:3748: gcc -v >&5
Using built-in specs.
COLLECT_GCC=gcc
COLLECT_LTO_WRAPPER=/opt/local/libexec/gcc/x86_64-apple-darwin16/6.3.0/lto-wrapper
Target: x86_64-apple-darwin16
Configured with: /opt/local/var/macports/build/_opt_bblocal_var_buildworker_ports_build_ports_lang_gcc6/gcc6/work/gcc-6.3.0/configure --prefix=/opt/local --build=x86_64-apple-darwin16 --enable-languages=c,c++,objc,obj-c++,lto,fortran --libdir=/opt/local/lib/gcc6 --includedir=/opt/local/include/gcc6 --infodir=/opt/local/share/info --mandir=/opt/local/share/man --datarootdir=/opt/local/share/gcc-6 --with-local-prefix=/opt/local --with-system-zlib --disable-nls --program-suffix=-mp-6 --with-gxx-include-dir=/opt/local/include/gcc6/c++/ --with-gmp=/opt/local --with-mpfr=/opt/local --with-mpc=/opt/local --with-isl=/opt/local --enable-stage1-checking --disable-multilib --enable-lto --enable-libstdcxx-time --with-build-config=bootstrap-debug --with-as=/opt/local/bin/as --with-ld=/opt/local/bin/ld --with-ar=/opt/local/bin/ar --with-bugurl=https://trac.macports.org/newticket --with-pkgversion='MacPorts gcc6 6.3.0_2'
Thread model: posix
gcc version 6.3.0 (MacPorts gcc6 6.3.0_2) 
configure:3759: $? = 0
configure:3748: gcc -V >&5
gcc: error: unrecognized command line option '-V'
gcc: fatal error: no input files
compilation terminated.
configure:3759: $? = 1
configure:3748: gcc -qversion >&5
gcc: error: unrecognized command line option '-qversion'; did you mean '--version'?
gcc: fatal error: no input files
compilation terminated.
configure:3759: $? = 1
configure:3763: checking whether we are using the GNU C compiler
configure:3791: result: yes
configure:3800: checking whether gcc accepts -g
configure:3861: result: yes
configure:3878: checking for gcc option to accept ISO C89
configure:3954: result: none needed
configure:4017: checking for a BSD-compatible install
configure:4085: result: /usr/bin/install -c
configure:4096: checking whether ln -s works
configure:4100: result: yes
configure:4107: checking whether make sets $(MAKE)
configure:4129: result: yes
configure:4141: checking for sqrt in -lm
configure:4166: gcc -o conftest -g -O2   conftest.c -lm   >&5
conftest.c:16:6: warning: conflicting types for built-in function 'sqrt'
 char sqrt ();
      ^~~~
configure:4166: $? = 0
configure:4175: result: yes
configure:4186: checking for ibitstream in -lslim
configure:4211: gcc -o conftest -g -O2   conftest.c -lslim  -lm  >&5
Undefined symbols for architecture x86_64:
  "_ibitstream", referenced from:
      _main in ccb81x8k.o
ld: symbol(s) not found for architecture x86_64
collect2: error: ld returned 1 exit status
configure:4211: $? = 1
configure: failed program was:
| /* confdefs.h */
| #define PACKAGE_NAME "slim"
| #define PACKAGE_TARNAME "slim"
| #define PACKAGE_VERSION "v2_7_0"
| #define PACKAGE_STRING "slim v2_7_0"
| #define PACKAGE_BUGREPORT "drjoefowler@gmail.com"
| #define PACKAGE_URL ""
| #define HAVE_LIBM 1
| /* end confdefs.h.  */
| 
| /* Override any GCC internal prototype to avoid an error.
|    Use char because int might match the return type of a GCC
|    builtin and then its argument prototype would still apply.  */
| #ifdef __cplusplus
| extern "C"
| #endif
| char ibitstream ();
| int
| main ()
| {
| return ibitstream ();
|   ;
|   return 0;
| }
configure:4220: result: no
configure:4234: checking for grep that handles long lines and -e
configure:4292: result: /usr/bin/grep
configure:4297: checking for egrep
configure:4359: result: /usr/bin/grep -E
configure:4364: checking for ANSI C header files
configure:4384: gcc -c -g -O2  conftest.c >&5
configure:4384: $? = 0
configure:4457: gcc -o conftest -g -O2   conftest.c -lm  >&5
configure:4457: $? = 0
configure:4457: ./conftest
configure:4457: $? = 0
configure:4468: result: yes
configure:4481: checking for sys/types.h
configure:4481: gcc -c -g -O2  conftest.c >&5
configure:4481: $? = 0
configure:4481: result: yes
configure:4481: checking for sys/stat.h
configure:4481: gcc -c -g -O2  conftest.c >&5
configure:4481: $? = 0
configure:4481: result: yes
configure:4481: checking for stdlib.h
configure:4481: gcc -c -g -O2  conftest.c >&5
configure:4481: $? = 0
configure:4481: result: yes
configure:4481: checking for string.h
configure:4481: gcc -c -g -O2  conftest.c >&5
configure:4481: $? = 0
configure:4481: result: yes
configure:4481: checking for memory.h
configure:4481: gcc -c -g -O2  conftest.c >&5
configure:4481: $? = 0
configure:4481: result: yes
configure:4481: checking for strings.h
configure:4481: gcc -c -g -O2  conftest.c >&5
configure:4481: $? = 0
configure:4481: result: yes
configure:4481: checking for inttypes.h
configure:4481: gcc -c -g -O2  conftest.c >&5
configure:4481: $? = 0
configure:4481: result: yes
configure:4481: checking for stdint.h
configure:4481: gcc -c -g -O2  conftest.c >&5
configure:4481: $? = 0
configure:4481: result: yes
configure:4481: checking for unistd.h
configure:4481: gcc -c -g -O2  conftest.c >&5
configure:4481: $? = 0
configure:4481: result: yes
configure:4496: checking limits.h usability
configure:4496: gcc -c -g -O2  conftest.c >&5
configure:4496: $? = 0
configure:4496: result: yes
configure:4496: checking limits.h presence
configure:4496: gcc -E  conftest.c
configure:4496: $? = 0
configure:4496: result: yes
configure:4496: checking for limits.h
configure:4496: result: yes
configure:4496: checking for stdint.h
configure:4496: result: yes
configure:4496: checking for stdlib.h
configure:4496: result: yes
configure:4496: checking for string.h
configure:4496: result: yes
configure:4496: checking for unistd.h
configure:4496: result: yes
configure:4496: checking utime.h usability
configure:4496: gcc -c -g -O2  conftest.c >&5
configure:4496: $? = 0
configure:4496: result: yes
configure:4496: checking utime.h presence
configure:4496: gcc -E  conftest.c
configure:4496: $? = 0
configure:4496: result: yes
configure:4496: checking for utime.h
configure:4496: result: yes
configure:4508: checking for stdbool.h that conforms to C99
configure:4575: gcc -c -g -O2  conftest.c >&5
configure:4575: $? = 0
configure:4582: result: yes
configure:4584: checking for _Bool
configure:4584: gcc -c -g -O2  conftest.c >&5
configure:4584: $? = 0
configure:4584: gcc -c -g -O2  conftest.c >&5
conftest.c: In function 'main':
conftest.c:62:20: error: expected expression before ')' token
 if (sizeof ((_Bool)))
                    ^
configure:4584: $? = 1
configure: failed program was:
| /* confdefs.h */
| #define PACKAGE_NAME "slim"
| #define PACKAGE_TARNAME "slim"
| #define PACKAGE_VERSION "v2_7_0"
| #define PACKAGE_STRING "slim v2_7_0"
| #define PACKAGE_BUGREPORT "drjoefowler@gmail.com"
| #define PACKAGE_URL ""
| #define HAVE_LIBM 1
| #define STDC_HEADERS 1
| #define HAVE_SYS_TYPES_H 1
| #define HAVE_SYS_STAT_H 1
| #define HAVE_STDLIB_H 1
| #define HAVE_STRING_H 1
| #define HAVE_MEMORY_H 1
| #define HAVE_STRINGS_H 1
| #define HAVE_INTTYPES_H 1
| #define HAVE_STDINT_H 1
| #define HAVE_UNISTD_H 1
| #define HAVE_LIMITS_H 1
| #define HAVE_STDINT_H 1
| #define HAVE_STDLIB_H 1
| #define HAVE_STRING_H 1
| #define HAVE_UNISTD_H 1
| #define HAVE_UTIME_H 1
| /* end confdefs.h.  */
| #include <stdio.h>
| #ifdef HAVE_SYS_TYPES_H
| # include <sys/types.h>
| #endif
| #ifdef HAVE_SYS_STAT_H
| # include <sys/stat.h>
| #endif
| #ifdef STDC_HEADERS
| # include <stdlib.h>
| # include <stddef.h>
| #else
| # ifdef HAVE_STDLIB_H
| #  include <stdlib.h>
| # endif
| #endif
| #ifdef HAVE_STRING_H
| # if !defined STDC_HEADERS && defined HAVE_MEMORY_H
| #  include <memory.h>
| # endif
| # include <string.h>
| #endif
| #ifdef HAVE_STRINGS_H
| # include <strings.h>
| #endif
| #ifdef HAVE_INTTYPES_H
| # include <inttypes.h>
| #endif
| #ifdef HAVE_STDINT_H
| # include <stdint.h>
| #endif
| #ifdef HAVE_UNISTD_H
| # include <unistd.h>
| #endif
| int
| main ()
| {
| if (sizeof ((_Bool)))
| 	    return 0;
|   ;
|   return 0;
| }
configure:4584: result: yes
configure:4601: checking for an ANSI C-conforming const
configure:4667: gcc -c -g -O2  conftest.c >&5
configure:4667: $? = 0
configure:4674: result: yes
configure:4682: checking for inline
configure:4698: gcc -c -g -O2  conftest.c >&5
configure:4698: $? = 0
configure:4706: result: inline
configure:4724: checking for size_t
configure:4724: gcc -c -g -O2  conftest.c >&5
configure:4724: $? = 0
configure:4724: gcc -c -g -O2  conftest.c >&5
conftest.c: In function 'main':
conftest.c:64:21: error: expected expression before ')' token
 if (sizeof ((size_t)))
                     ^
configure:4724: $? = 1
configure: failed program was:
| /* confdefs.h */
| #define PACKAGE_NAME "slim"
| #define PACKAGE_TARNAME "slim"
| #define PACKAGE_VERSION "v2_7_0"
| #define PACKAGE_STRING "slim v2_7_0"
| #define PACKAGE_BUGREPORT "drjoefowler@gmail.com"
| #define PACKAGE_URL ""
| #define HAVE_LIBM 1
| #define STDC_HEADERS 1
| #define HAVE_SYS_TYPES_H 1
| #define HAVE_SYS_STAT_H 1
| #define HAVE_STDLIB_H 1
| #define HAVE_STRING_H 1
| #define HAVE_MEMORY_H 1
| #define HAVE_STRINGS_H 1
| #define HAVE_INTTYPES_H 1
| #define HAVE_STDINT_H 1
| #define HAVE_UNISTD_H 1
| #define HAVE_LIMITS_H 1
| #define HAVE_STDINT_H 1
| #define HAVE_STDLIB_H 1
| #define HAVE_STRING_H 1
| #define HAVE_UNISTD_H 1
| #define HAVE_UTIME_H 1
| #define HAVE__BOOL 1
| #define HAVE_STDBOOL_H 1
| /* end confdefs.h.  */
| #include <stdio.h>
| #ifdef HAVE_SYS_TYPES_H
| # include <sys/types.h>
| #endif
| #ifdef HAVE_SYS_STAT_H
| # include <sys/stat.h>
| #endif
| #ifdef STDC_HEADERS
| # include <stdlib.h>
| # include <stddef.h>
| #else
| # ifdef HAVE_STDLIB_H
| #  include <stdlib.h>
| # endif
| #endif
| #ifdef HAVE_STRING_H
| # if !defined STDC_HEADERS && defined HAVE_MEMORY_H
| #  include <memory.h>
| # endif
| # include <string.h>
| #endif
| #ifdef HAVE_STRINGS_H
| # include <strings.h>
| #endif
| #ifdef HAVE_INTTYPES_H
| # include <inttypes.h>
| #endif
| #ifdef HAVE_STDINT_H
| # include <stdint.h>
| #endif
| #ifdef HAVE_UNISTD_H
| # include <unistd.h>
| #endif
| int
| main ()
| {
| if (sizeof ((size_t)))
| 	    return 0;
|   ;
|   return 0;
| }
configure:4724: result: yes
configure:4737: checking for error_at_line
configure:4753: gcc -o conftest -g -O2   conftest.c -lm  >&5
conftest.c:28:19: fatal error: error.h: No such file or directory
 #include <error.h>
                   ^
compilation terminated.
configure:4753: $? = 1
configure: failed program was:
| /* confdefs.h */
| #define PACKAGE_NAME "slim"
| #define PACKAGE_TARNAME "slim"
| #define PACKAGE_VERSION "v2_7_0"
| #define PACKAGE_STRING "slim v2_7_0"
| #define PACKAGE_BUGREPORT "drjoefowler@gmail.com"
| #define PACKAGE_URL ""
| #define HAVE_LIBM 1
| #define STDC_HEADERS 1
| #define HAVE_SYS_TYPES_H 1
| #define HAVE_SYS_STAT_H 1
| #define HAVE_STDLIB_H 1
| #define HAVE_STRING_H 1
| #define HAVE_MEMORY_H 1
| #define HAVE_STRINGS_H 1
| #define HAVE_INTTYPES_H 1
| #define HAVE_STDINT_H 1
| #define HAVE_UNISTD_H 1
| #define HAVE_LIMITS_H 1
| #define HAVE_STDINT_H 1
| #define HAVE_STDLIB_H 1
| #define HAVE_STRING_H 1
| #define HAVE_UNISTD_H 1
| #define HAVE_UTIME_H 1
| #define HAVE__BOOL 1
| #define HAVE_STDBOOL_H 1
| /* end confdefs.h.  */
| #include <error.h>
| int
| main ()
| {
| error_at_line (0, 0, "", 0, "an error occurred");
|   ;
|   return 0;
| }
configure:4761: result: no
configure:4779: checking whether lstat correctly handles trailing slash
configure:4805: gcc -o conftest -g -O2   conftest.c -lm  >&5
configure:4805: $? = 0
configure:4805: ./conftest
configure:4805: $? = 1
configure: program exited with status 1
configure: failed program was:
| /* confdefs.h */
| #define PACKAGE_NAME "slim"
| #define PACKAGE_TARNAME "slim"
| #define PACKAGE_VERSION "v2_7_0"
| #define PACKAGE_STRING "slim v2_7_0"
| #define PACKAGE_BUGREPORT "drjoefowler@gmail.com"
| #define PACKAGE_URL ""
| #define HAVE_LIBM 1
| #define STDC_HEADERS 1
| #define HAVE_SYS_TYPES_H 1
| #define HAVE_SYS_STAT_H 1
| #define HAVE_STDLIB_H 1
| #define HAVE_STRING_H 1
| #define HAVE_MEMORY_H 1
| #define HAVE_STRINGS_H 1
| #define HAVE_INTTYPES_H 1
| #define HAVE_STDINT_H 1
| #define HAVE_UNISTD_H 1
| #define HAVE_LIMITS_H 1
| #define HAVE_STDINT_H 1
| #define HAVE_STDLIB_H 1
| #define HAVE_STRING_H 1
| #define HAVE_UNISTD_H 1
| #define HAVE_UTIME_H 1
| #define HAVE__BOOL 1
| #define HAVE_STDBOOL_H 1
| /* end confdefs.h.  */
| #include <stdio.h>
| #ifdef HAVE_SYS_TYPES_H
| # include <sys/types.h>
| #endif
| #ifdef HAVE_SYS_STAT_H
| # include <sys/stat.h>
| #endif
| #ifdef STDC_HEADERS
| # include <stdlib.h>
| # include <stddef.h>
| #else
| # ifdef HAVE_STDLIB_H
| #  include <stdlib.h>
| # endif
| #endif
| #ifdef HAVE_STRING_H
| # if !defined STDC_HEADERS && defined HAVE_MEMORY_H
| #  include <memory.h>
| # endif
| # include <string.h>
| #endif
| #ifdef HAVE_STRINGS_H
| # include <strings.h>
| #endif
| #ifdef HAVE_INTTYPES_H
| # include <inttypes.h>
| #endif
| #ifdef HAVE_STDINT_H
| # include <stdint.h>
| #endif
| #ifdef HAVE_UNISTD_H
| # include <unistd.h>
| #endif
| int
| main ()
| {
| struct stat sbuf;
|      /* Linux will dereference the symlink and fail, as required by POSIX.
| 	That is better in the sense that it means we will not
| 	have to compile and use the lstat wrapper.  */
|      return lstat ("conftest.sym/", &sbuf) == 0;
|   ;
|   return 0;
| }
configure:4822: result: no
configure:4841: checking whether stat accepts an empty string
configure:4861: gcc -o conftest -g -O2   conftest.c -lm  >&5
configure:4861: $? = 0
configure:4861: ./conftest
configure:4861: $? = 0
configure:4871: result: no
configure:4893: checking for utime.h
configure:4893: result: yes
configure:4907: checking whether utime accepts a null argument
configure:4936: gcc -o conftest -g -O2   conftest.c -lm  >&5
configure:4936: $? = 0
configure:4936: ./conftest
configure:4936: $? = 0
configure:4946: result: yes
configure:4959: checking for memset
configure:4959: gcc -o conftest -g -O2   conftest.c -lm  >&5
conftest.c:53:6: warning: conflicting types for built-in function 'memset'
 char memset ();
      ^~~~~~
configure:4959: $? = 0
configure:4959: result: yes
configure:4959: checking for sqrt
configure:4959: gcc -o conftest -g -O2   conftest.c -lm  >&5
conftest.c:54:6: warning: conflicting types for built-in function 'sqrt'
 char sqrt ();
      ^~~~
configure:4959: $? = 0
configure:4959: result: yes
configure:4959: checking for strchr
configure:4959: gcc -o conftest -g -O2   conftest.c -lm  >&5
conftest.c:55:6: warning: conflicting types for built-in function 'strchr'
 char strchr ();
      ^~~~~~
configure:4959: $? = 0
configure:4959: result: yes
configure:4959: checking for strrchr
configure:4959: gcc -o conftest -g -O2   conftest.c -lm  >&5
conftest.c:56:6: warning: conflicting types for built-in function 'strrchr'
 char strrchr ();
      ^~~~~~~
configure:4959: $? = 0
configure:4959: result: yes
configure:4959: checking for strstr
configure:4959: gcc -o conftest -g -O2   conftest.c -lm  >&5
conftest.c:57:6: warning: conflicting types for built-in function 'strstr'
 char strstr ();
      ^~~~~~
configure:4959: $? = 0
configure:4959: result: yes
configure:4959: checking for utime
configure:4959: gcc -o conftest -g -O2   conftest.c -lm  >&5
configure:4959: $? = 0
configure:4959: result: yes
configure:5297: creating ./config.status

## ---------------------- ##
## Running config.status. ##
## ---------------------- ##

This file was extended by slim config.status v2_7_0, which was
generated by GNU Autoconf 2.69.  Invocation command line was

  CONFIG_FILES    = 
  CONFIG_HEADERS  = 
  CONFIG_LINKS    = 
  CONFIG_COMMANDS = 
  $ ./config.status 

on 817jfmac.campus.nist.gov

config.status:741: creating Makefile
config.status:741: creating src/Makefile
config.status:741: creating test/Makefile

## ---------------- ##
## Cache variables. ##
## ---------------- ##

ac_cv_c_compiler_gnu=yes
ac_cv_c_const=yes
ac_cv_c_inline=inline
ac_cv_cxx_compiler_gnu=yes
ac_cv_env_CCC_set=
ac_cv_env_CCC_value=
ac_cv_env_CC_set=
ac_cv_env_CC_value=
ac_cv_env_CFLAGS_set=
ac_cv_env_CFLAGS_value=
ac_cv_env_CPPFLAGS_set=
ac_cv_env_CPPFLAGS_value=
ac_cv_env_CPP_set=
ac_cv_env_CPP_value=
ac_cv_env_CXXFLAGS_set=
ac_cv_env_CXXFLAGS_value=
ac_cv_env_CXX_set=
ac_cv_env_CXX_value=
ac_cv_env_LDFLAGS_set=
ac_cv_env_LDFLAGS_value=
ac_cv_env_LIBS_set=
ac_cv_env_LIBS_value=
ac_cv_env_build_alias_set=
ac_cv_env_build_alias_value=
ac_cv_env_host_alias_set=
ac_cv_env_host_alias_value=
ac_cv_env_target_alias_set=
ac_cv_env_target_alias_value=
ac_cv_func_lstat_dereferences_slashed_symlink=no
ac_cv_func_memset=yes
ac_cv_func_setvbuf_reversed=no
ac_cv_func_sqrt=yes
ac_cv_func_stat_empty_string_bug=no
ac_cv_func_strchr=yes
ac_cv_func_strrchr=yes
ac_cv_func_strstr=yes
ac_cv_func_utime=yes
ac_cv_func_utime_null=yes
ac_cv_header_inttypes_h=yes
ac_cv_header_limits_h=yes
ac_cv_header_memory_h=yes
ac_cv_header_stdbool_h=yes
ac_cv_header_stdc=yes
ac_cv_header_stdint_h=yes
ac_cv_header_stdlib_h=yes
ac_cv_header_string_h=yes
ac_cv_header_strings_h=yes
ac_cv_header_sys_stat_h=yes
ac_cv_header_sys_types_h=yes
ac_cv_header_unistd_h=yes
ac_cv_header_utime_h=yes
ac_cv_lib_error_at_line=no
ac_cv_lib_m_sqrt=yes
ac_cv_lib_slim_ibitstream=no
ac_cv_objext=o
ac_cv_path_EGREP='/usr/bin/grep -E'
ac_cv_path_GREP=/usr/bin/grep
ac_cv_path_install='/usr/bin/install -c'
ac_cv_prog_AWK=gawk
ac_cv_prog_CPP='gcc -E'
ac_cv_prog_ac_ct_CC=gcc
ac_cv_prog_ac_ct_CXX=g++
ac_cv_prog_cc_c89=
ac_cv_prog_cc_g=yes
ac_cv_prog_cxx_g=yes
ac_cv_prog_make_make_set=yes
ac_cv_type__Bool=yes
ac_cv_type_size_t=yes

## ----------------- ##
## Output variables. ##
## ----------------- ##

AWK='gawk'
CC='gcc'
CFLAGS='-g -O2'
CPP='gcc -E'
CPPFLAGS=''
CXX='g++'
CXXFLAGS='-g -O2'
DEFS='-DPACKAGE_NAME=\"slim\" -DPACKAGE_TARNAME=\"slim\" -DPACKAGE_VERSION=\"v2_7_0\" -DPACKAGE_STRING=\"slim\ v2_7_0\" -DPACKAGE_BUGREPORT=\"drjoefowler@gmail.com\" -DPACKAGE_URL=\"\" -DHAVE_LIBM=1 -DSTDC_HEADERS=1 -DHAVE_SYS_TYPES_H=1 -DHAVE_SYS_STAT_H=1 -DHAVE_STDLIB_H=1 -DHAVE_STRING_H=1 -DHAVE_MEMORY_H=1 -DHAVE_STRINGS_H=1 -DHAVE_INTTYPES_H=1 -DHAVE_STDINT_H=1 -DHAVE_UNISTD_H=1 -DHAVE_LIMITS_H=1 -DHAVE_STDINT_H=1 -DHAVE_STDLIB_H=1 -DHAVE_STRING_H=1 -DHAVE_UNISTD_H=1 -DHAVE_UTIME_H=1 -DHAVE__BOOL=1 -DHAVE_STDBOOL_H=1 -DHAVE_UTIME_H=1 -DHAVE_UTIME_NULL=1 -DHAVE_MEMSET=1 -DHAVE_SQRT=1 -DHAVE_STRCHR=1 -DHAVE_STRRCHR=1 -DHAVE_STRSTR=1 -DHAVE_UTIME=1'
ECHO_C='\c'
ECHO_N=''
ECHO_T=''
EGREP='/usr/bin/grep -E'
EXEEXT=''
GREP='/usr/bin/grep'
INSTALL_DATA='${INSTALL} -m 644'
INSTALL_PROGRAM='${INSTALL}'
INSTALL_SCRIPT='${INSTALL}'
LDFLAGS=''
LIBLZ4=''
LIBOBJS=' ${LIBOBJDIR}error$U.o ${LIBOBJDIR}lstat$U.o'
LIBS='-lm '
LIBZZIP=''
LN_S='ln -s'
LTLIBOBJS=' ${LIBOBJDIR}error$U.lo ${LIBOBJDIR}lstat$U.lo'
OBJEXT='o'
PACKAGE_BUGREPORT='drjoefowler@gmail.com'
PACKAGE_NAME='slim'
PACKAGE_STRING='slim v2_7_0'
PACKAGE_TARNAME='slim'
PACKAGE_URL=''
PACKAGE_VERSION='v2_7_0'
PATH_SEPARATOR=':'
SET_MAKE=''
SHELL='/bin/sh'
TEST_ZZIP=''
ac_ct_CC='gcc'
ac_ct_CXX='g++'
bindir='${exec_prefix}/bin'
build_alias=''
datadir='${datarootdir}'
datarootdir='${prefix}/share'
docdir='${datarootdir}/doc/${PACKAGE_TARNAME}'
dvidir='${docdir}'
exec_prefix='${prefix}'
host_alias=''
htmldir='${docdir}'
includedir='${prefix}/include'
infodir='${datarootdir}/info'
libdir='${exec_prefix}/lib'
libexecdir='${exec_prefix}/libexec'
localedir='${datarootdir}/locale'
localstatedir='${prefix}/var'
mandir='${datarootdir}/man'
oldincludedir='/usr/include'
pdfdir='${docdir}'
prefix='/usr/local'
program_transform_name='s,x,x,'
psdir='${docdir}'
sbindir='${exec_prefix}/sbin'
sharedstatedir='${prefix}/com'
sysconfdir='${prefix}/etc'
target_alias=''

## ----------- ##
## confdefs.h. ##
## ----------- ##

/* confdefs.h */
#define PACKAGE_NAME "slim"
#define PACKAGE_TARNAME "slim"
#define PACKAGE_VERSION "v2_7_0"
#define PACKAGE_STRING "slim v2_7_0"
#define PACKAGE_BUGREPORT "drjoefowler@gmail.com"
#define PACKAGE_URL ""
#define HAVE_LIBM 1
#define STDC_HEADERS 1
#define HAVE_SYS_TYPES_H 1
#define HAVE_SYS_STAT_H 1
#define HAVE_STDLIB_H 1
#define HAVE_STRING_H 1
#define HAVE_MEMORY_H 1
#define HAVE_STRINGS_H 1
#define HAVE_INTTYPES_H 1
#define HAVE_STDINT_H 1
#define HAVE_UNISTD_H 1
#define HAVE_LIMITS_H 1
#define HAVE_STDINT_H 1
#define HAVE_STDLIB_H 1
#define HAVE_STRING_H 1
#define HAVE_UNISTD_H 1
#define HAVE_UTIME_H 1
#define HAVE__BOOL 1
#define HAVE_STDBOOL_H 1
#define HAVE_UTIME_H 1
#define HAVE_UTIME_NULL 1
#define HAVE_MEMSET 1
#define HAVE_SQRT 1
#define HAVE_STRCHR 1
#define HAVE_STRRCHR 1
#define HAVE_STRSTR 1
#define HAVE_UTIME 1

configure: exit 0
